[debug] [2025-09-20T02:28:37.169Z] ----------------------------------------------------------------------
[debug] [2025-09-20T02:28:37.172Z] Command:       C:\Program Files\nodejs\node.exe C:\Users\bike4\AppData\Roaming\npm\node_modules\firebase-tools\lib\bin\firebase.js init hosting
[debug] [2025-09-20T02:28:37.172Z] CLI Version:   14.17.0
[debug] [2025-09-20T02:28:37.172Z] Platform:      win32
[debug] [2025-09-20T02:28:37.172Z] Node Version:  v22.17.1
[debug] [2025-09-20T02:28:37.173Z] Time:          Sat Sep 20 2025 11:28:37 GMT+0900 (대한민국 표준시)
[debug] [2025-09-20T02:28:37.173Z] ----------------------------------------------------------------------
[debug] 
[debug] [2025-09-20T02:28:37.178Z] > command requires scopes: ["email","openid","https://www.googleapis.com/auth/cloudplatformprojects.readonly","https://www.googleapis.com/auth/firebase","https://www.googleapis.com/auth/cloud-platform"]
[debug] [2025-09-20T02:28:37.179Z] > authorizing via signed-in user (bike481227@gmail.com)
[info] 
     ######## #### ########  ######## ########     ###     ######  ########
     ##        ##  ##     ## ##       ##     ##  ##   ##  ##       ##
     ######    ##  ########  ######   ########  #########  ######  ######
     ##        ##  ##    ##  ##       ##     ## ##     ##       ## ##
     ##       #### ##     ## ######## ########  ##     ##  ######  ########

You're about to initialize a Firebase project in this directory:

  C:\Users\bike4\Desktop\hackaton_project\frontend_figma

[info] 
=== Project Setup
[info] 
[info] First, let's associate this project directory with a Firebase project.
[info] You can create multiple project aliases by running firebase use --add, 
[info] but for now we'll just set up a default project.
[info] 
[debug] [2025-09-20T02:29:01.667Z] Checked if tokens are valid: true, expires at: 1758338898474
[debug] [2025-09-20T02:29:01.667Z] Checked if tokens are valid: true, expires at: 1758338898474
[debug] [2025-09-20T02:29:01.669Z] >>> [apiv2][query] GET https://firebase.googleapis.com/v1beta1/availableProjects pageSize=100
[debug] [2025-09-20T02:29:03.195Z] <<< [apiv2][status] GET https://firebase.googleapis.com/v1beta1/availableProjects 200
[debug] [2025-09-20T02:29:03.195Z] <<< [apiv2][body] GET https://firebase.googleapis.com/v1beta1/availableProjects [omitted]
[debug] [2025-09-20T02:29:09.308Z] Checked if tokens are valid: true, expires at: 1758338898474
[debug] [2025-09-20T02:29:09.308Z] Checked if tokens are valid: true, expires at: 1758338898474
[debug] [2025-09-20T02:29:09.308Z] >>> [apiv2][query] POST https://firebase.googleapis.com/v1beta1/projects/kt-k-intelligence-hackaton:addFirebase [none]
[debug] [2025-09-20T02:29:10.259Z] <<< [apiv2][status] POST https://firebase.googleapis.com/v1beta1/projects/kt-k-intelligence-hackaton:addFirebase 403
[debug] [2025-09-20T02:29:10.259Z] <<< [apiv2][body] POST https://firebase.googleapis.com/v1beta1/projects/kt-k-intelligence-hackaton:addFirebase {"error":{"code":403,"message":"The caller does not have permission","status":"PERMISSION_DENIED"}}
[debug] [2025-09-20T02:29:10.260Z] Request to https://firebase.googleapis.com/v1beta1/projects/kt-k-intelligence-hackaton:addFirebase had HTTP Error: 403, The caller does not have permission
[debug] [2025-09-20T02:29:10.674Z] FirebaseError: Request to https://firebase.googleapis.com/v1beta1/projects/kt-k-intelligence-hackaton:addFirebase had HTTP Error: 403, The caller does not have permission
    at responseToError (C:\Users\bike4\AppData\Roaming\npm\node_modules\firebase-tools\lib\responseToError.js:52:12)
    at RetryOperation._fn (C:\Users\bike4\AppData\Roaming\npm\node_modules\firebase-tools\lib\apiv2.js:312:77)
    at process.processTicksAndRejections (node:internal/process/task_queues:105:5)
[error] 
[error] Error: Failed to add Firebase to Google Cloud Platform project. See firebase-debug.log for more info.
